Determining if the pthread_create exist failed with the following output:
Change Dir: /home/sai/ros_ws/rosquad/build/CMakeFiles/CMakeTmp

Run Build Command:/usr/bin/make "cmTryCompileExec290312281/fast"
make[1]: Entering directory `/home/sai/ros_ws/rosquad/build/CMakeFiles/CMakeTmp'
/usr/bin/make -f CMakeFiles/cmTryCompileExec290312281.dir/build.make CMakeFiles/cmTryCompileExec290312281.dir/build
make[2]: Entering directory `/home/sai/ros_ws/rosquad/build/CMakeFiles/CMakeTmp'
/usr/bin/cmake -E cmake_progress_report /home/sai/ros_ws/rosquad/build/CMakeFiles/CMakeTmp/CMakeFiles 1
Building C object CMakeFiles/cmTryCompileExec290312281.dir/CheckSymbolExists.c.o
/usr/bin/cc    -o CMakeFiles/cmTryCompileExec290312281.dir/CheckSymbolExists.c.o   -c /home/sai/ros_ws/rosquad/build/CMakeFiles/CMakeTmp/CheckSymbolExists.c
Linking C executable cmTryCompileExec290312281
/usr/bin/cmake -E cmake_link_script CMakeFiles/cmTryCompileExec290312281.dir/link.txt --verbose=1
/usr/bin/cc         CMakeFiles/cmTryCompileExec290312281.dir/CheckSymbolExists.c.o  -o cmTryCompileExec290312281 -rdynamic 
CMakeFiles/cmTryCompileExec290312281.dir/CheckSymbolExists.c.o: In function `main':
CheckSymbolExists.c:(.text+0x16): undefined reference to `pthread_create'
collect2: error: ld returned 1 exit status
make[2]: *** [cmTryCompileExec290312281] Error 1
make[2]: Leaving directory `/home/sai/ros_ws/rosquad/build/CMakeFiles/CMakeTmp'
make[1]: *** [cmTryCompileExec290312281/fast] Error 2
make[1]: Leaving directory `/home/sai/ros_ws/rosquad/build/CMakeFiles/CMakeTmp'

File /home/sai/ros_ws/rosquad/build/CMakeFiles/CMakeTmp/CheckSymbolExists.c:
/* */
#include <pthread.h>

int main(int argc, char** argv)
{
  (void)argv;
#ifndef pthread_create
  return ((int*)(&pthread_create))[argc];
#else
  (void)argc;
  return 0;
#endif
}

Determining if the function pthread_create exists in the pthreads failed with the following output:
Change Dir: /home/sai/ros_ws/rosquad/build/CMakeFiles/CMakeTmp

Run Build Command:/usr/bin/make "cmTryCompileExec84854932/fast"
make[1]: Entering directory `/home/sai/ros_ws/rosquad/build/CMakeFiles/CMakeTmp'
/usr/bin/make -f CMakeFiles/cmTryCompileExec84854932.dir/build.make CMakeFiles/cmTryCompileExec84854932.dir/build
make[2]: Entering directory `/home/sai/ros_ws/rosquad/build/CMakeFiles/CMakeTmp'
/usr/bin/cmake -E cmake_progress_report /home/sai/ros_ws/rosquad/build/CMakeFiles/CMakeTmp/CMakeFiles 1
Building C object CMakeFiles/cmTryCompileExec84854932.dir/CheckFunctionExists.c.o
/usr/bin/cc   -DCHECK_FUNCTION_EXISTS=pthread_create   -o CMakeFiles/cmTryCompileExec84854932.dir/CheckFunctionExists.c.o   -c /usr/share/cmake-2.8/Modules/CheckFunctionExists.c
Linking C executable cmTryCompileExec84854932
/usr/bin/cmake -E cmake_link_script CMakeFiles/cmTryCompileExec84854932.dir/link.txt --verbose=1
/usr/bin/cc     -DCHECK_FUNCTION_EXISTS=pthread_create    CMakeFiles/cmTryCompileExec84854932.dir/CheckFunctionExists.c.o  -o cmTryCompileExec84854932 -rdynamic -lpthreads 
/usr/bin/ld: cannot find -lpthreads
collect2: error: ld returned 1 exit status
make[2]: *** [cmTryCompileExec84854932] Error 1
make[2]: Leaving directory `/home/sai/ros_ws/rosquad/build/CMakeFiles/CMakeTmp'
make[1]: *** [cmTryCompileExec84854932/fast] Error 2
make[1]: Leaving directory `/home/sai/ros_ws/rosquad/build/CMakeFiles/CMakeTmp'


